/usr/bin/ld: warning: libopencv_imgcodecs.so.4.2, needed by /opt/ros/noetic/lib/libcv_bridge.so, may conflict with libopencv_imgcodecs.so.408
/usr/bin/ld: warning: libopencv_imgproc.so.408, needed by /usr/local/lib/libopencv_imgcodecs.so.4.8.0, may conflict with libopencv_imgproc.so.4.2
/usr/bin/ld: warning: libopencv_core.so.408, needed by /usr/local/lib/libopencv_imgcodecs.so.4.8.0, may conflict with libopencv_core.so.4.2
/usr/bin/ld: CMakeFiles/robot_depth_estimation_node.dir/src/depth_estimation_node.cpp.o: in function `DepthMapperNode::imageCallback(boost::shared_ptr<sensor_msgs::Image_<std::allocator<void> > const> const&)':
depth_estimation_node.cpp:(.text._ZN15DepthMapperNode13imageCallbackERKN5boost10shared_ptrIKN11sensor_msgs6Image_ISaIvEEEEE[_ZN15DepthMapperNode13imageCallbackERKN5boost10shared_ptrIKN11sensor_msgs6Image_ISaIvEEEEE]+0xdf): undefined reference to `ModelRunner::runInference(cv::Mat const&)'
/usr/bin/ld: CMakeFiles/robot_depth_estimation_node.dir/src/depth_estimation_node.cpp.o: in function `void __gnu_cxx::new_allocator<ModelRunner>::construct<ModelRunner, char const*, int&, int&>(ModelRunner*, char const*&&, int&, int&)':
depth_estimation_node.cpp:(.text._ZN9__gnu_cxx13new_allocatorI11ModelRunnerE9constructIS1_JPKcRiS6_EEEvPT_DpOT0_[_ZN9__gnu_cxx13new_allocatorI11ModelRunnerE9constructIS1_JPKcRiS6_EEEvPT_DpOT0_]+0x77): undefined reference to `ModelRunner::ModelRunner(char const*, int, int)'
/usr/bin/ld: CMakeFiles/robot_depth_estimation_node.dir/src/depth_estimation_node.cpp.o: in function `void __gnu_cxx::new_allocator<ModelRunner>::destroy<ModelRunner>(ModelRunner*)':
depth_estimation_node.cpp:(.text._ZN9__gnu_cxx13new_allocatorI11ModelRunnerE7destroyIS1_EEvPT_[_ZN9__gnu_cxx13new_allocatorI11ModelRunnerE7destroyIS1_EEvPT_]+0x1c): undefined reference to `ModelRunner::~ModelRunner()'
collect2: error: ld returned 1 exit status
make[2]: *** [CMakeFiles/robot_depth_estimation_node.dir/build.make:221: /home/user/depth_infer/devel/.private/robot_depth_estimation/lib/robot_depth_estimation/robot_depth_estimation_node] Error 1
make[1]: *** [CMakeFiles/Makefile2:277: CMakeFiles/robot_depth_estimation_node.dir/all] Error 2
make: *** [Makefile:141: all] Error 2
